"C:\Program Files\JetBrains\CLion 2023.3.4\bin\cmake\win\x64\bin\cmake.exe" -DCMAKE_BUILD_TYPE=Debug -DCMAKE_MAKE_PROGRAM=C:/MinGW/bin/mingw32-make.exe "-DCMAKE_C_COMPILER=C:/Program Files (x86)/Arm GNU Toolchain arm-none-eabi/13.2 Rel1/bin/arm-none-eabi-gcc.exe" "-DCMAKE_CXX_COMPILER=C:/Program Files (x86)/Arm GNU Toolchain arm-none-eabi/13.2 Rel1/bin/arm-none-eabi-g++.exe" -G "CodeBlocks - MinGW Makefiles" -S D:\Code\2024-3\Yobboy-keyboard -B D:\Code\2024-3\Yobboy-keyboard\cmake-build-debug
CMake Deprecation Warning:
  Support for "Extra Generators" like

    CodeBlocks

  is deprecated and will be removed from a future version of CMake.  IDEs may
  use the cmake-file-api(7) to view CMake-generated project build trees.


CMake Error at CMakeLists.txt:9 (include):
  include could not find requested file:

    /tools/cmake/project.cmake


-- The C compiler identification is GNU 13.2.1
-- The CXX compiler identification is GNU 13.2.1
-- Detecting C compiler ABI info
-- Detecting C compiler ABI info - failed
-- Check for working C compiler: C:/Program Files (x86)/Arm GNU Toolchain arm-none-eabi/13.2 Rel1/bin/arm-none-eabi-gcc.exe
-- Check for working C compiler: C:/Program Files (x86)/Arm GNU Toolchain arm-none-eabi/13.2 Rel1/bin/arm-none-eabi-gcc.exe - broken
CMake Error at C:/Program Files/JetBrains/CLion 2023.3.4/bin/cmake/win/x64/share/cmake-3.27/Modules/CMakeTestCCompiler.cmake:67 (message):
  The C compiler

    "C:/Program Files (x86)/Arm GNU Toolchain arm-none-eabi/13.2 Rel1/bin/arm-none-eabi-gcc.exe"

  is not able to compile a simple test program.

  It fails with the following output:

    Change Dir: 'D:/Code/2024-3/Yobboy-keyboard/cmake-build-debug/CMakeFiles/CMakeScratch/TryCompile-wb0i6r'
    
    Run Build Command(s): "C:/Program Files/JetBrains/CLion 2023.3.4/bin/cmake/win/x64/bin/cmake.exe" -E env VERBOSE=1 C:/MinGW/bin/mingw32-make.exe -f Makefile cmTC_d5446/fast
    C:/MinGW/bin/mingw32-make.exe  -f CMakeFiles\cmTC_d5446.dir\build.make CMakeFiles/cmTC_d5446.dir/build
    mingw32-make.exe[1]: Entering directory 'D:/Code/2024-3/Yobboy-keyboard/cmake-build-debug/CMakeFiles/CMakeScratch/TryCompile-wb0i6r'
    Building C object CMakeFiles/cmTC_d5446.dir/testCCompiler.c.obj
    C:\PROGRA~2\ARMGNU~1\13C7F1~1.2RE\bin\AR19DD~1.EXE   -fdiagnostics-color=always -o CMakeFiles\cmTC_d5446.dir\testCCompiler.c.obj -c D:\Code\2024-3\Yobboy-keyboard\cmake-build-debug\CMakeFiles\CMakeScratch\TryCompile-wb0i6r\testCCompiler.c
    Linking C executable cmTC_d5446.exe
    "C:\Program Files\JetBrains\CLion 2023.3.4\bin\cmake\win\x64\bin\cmake.exe" -E cmake_link_script CMakeFiles\cmTC_d5446.dir\link.txt --verbose=1
    "C:\Program Files\JetBrains\CLion 2023.3.4\bin\cmake\win\x64\bin\cmake.exe" -E rm -f CMakeFiles\cmTC_d5446.dir/objects.a
    C:\PROGRA~2\ARMGNU~1\13C7F1~1.2RE\bin\ARM-NO~2.EXE qc CMakeFiles\cmTC_d5446.dir/objects.a @CMakeFiles\cmTC_d5446.dir\objects1.rsp
    C:\PROGRA~2\ARMGNU~1\13C7F1~1.2RE\bin\AR19DD~1.EXE -Wl,--whole-archive CMakeFiles\cmTC_d5446.dir/objects.a -Wl,--no-whole-archive -o cmTC_d5446.exe -Wl,--out-implib,libcmTC_d5446.dll.a -Wl,--major-image-version,0,--minor-image-version,0 @CMakeFiles\cmTC_d5446.dir\linkLibs.rsp
    C:/PROGRA~2/ARMGNU~1/13C7F1~1.2RE/bin/../lib/gcc/arm-none-eabi/13.2.1/../../../../arm-none-eabi/bin/ld.exe: unrecognized option '--major-image-version'
    C:/PROGRA~2/ARMGNU~1/13C7F1~1.2RE/bin/../lib/gcc/arm-none-eabi/13.2.1/../../../../arm-none-eabi/bin/ld.exe: use the --help option for usage information
    collect2.exe: error: ld returned 1 exit status
    CMakeFiles\cmTC_d5446.dir\build.make:99: recipe for target 'cmTC_d5446.exe' failed
    mingw32-make.exe[1]: *** [cmTC_d5446.exe] Error 1
    mingw32-make.exe[1]: Leaving directory 'D:/Code/2024-3/Yobboy-keyboard/cmake-build-debug/CMakeFiles/CMakeScratch/TryCompile-wb0i6r'
    Makefile:126: recipe for target 'cmTC_d5446/fast' failed
    mingw32-make.exe: *** [cmTC_d5446/fast] Error 2
    
    

  

  CMake will not be able to correctly generate this project.
Call Stack (most recent call first):
  CMakeLists.txt:10 (project)


-- Configuring incomplete, errors occurred!
